{"C:\\Web Projects\\vite-boilerplate\\src\\App.tsx": {"path":"C:\\Web Projects\\vite-boilerplate\\src\\App.tsx","all":false,"statementMap":{"0":{"start":{"line":1,"column":0},"end":{"line":1,"column":25}},"1":{"start":{"line":2,"column":0},"end":{"line":2,"column":40}},"2":{"start":{"line":3,"column":0},"end":{"line":3,"column":50}},"3":{"start":{"line":4,"column":0},"end":{"line":4,"column":0}},"4":{"start":{"line":5,"column":0},"end":{"line":5,"column":37}},"5":{"start":{"line":6,"column":0},"end":{"line":6,"column":0}},"6":{"start":{"line":7,"column":0},"end":{"line":7,"column":26}},"7":{"start":{"line":8,"column":0},"end":{"line":8,"column":10}},"8":{"start":{"line":9,"column":0},"end":{"line":9,"column":15}},"9":{"start":{"line":10,"column":0},"end":{"line":10,"column":34}},"10":{"start":{"line":11,"column":0},"end":{"line":11,"column":39}},"11":{"start":{"line":12,"column":0},"end":{"line":12,"column":34}},"12":{"start":{"line":13,"column":0},"end":{"line":13,"column":14}},"13":{"start":{"line":14,"column":0},"end":{"line":14,"column":16}},"14":{"start":{"line":15,"column":0},"end":{"line":15,"column":12}},"15":{"start":{"line":16,"column":0},"end":{"line":16,"column":16}},"16":{"start":{"line":17,"column":0},"end":{"line":17,"column":3}},"17":{"start":{"line":18,"column":0},"end":{"line":18,"column":1}}},"s":{"0":1,"1":1,"2":1,"3":1,"4":1,"5":1,"6":1,"7":3,"8":3,"9":3,"10":3,"11":3,"12":3,"13":3,"14":3,"15":3,"16":3,"17":3},"branchMap":{"0":{"type":"branch","line":7,"loc":{"start":{"line":7,"column":19},"end":{"line":18,"column":1}},"locations":[{"start":{"line":7,"column":19},"end":{"line":18,"column":1}}]}},"b":{"0":[3]},"fnMap":{"0":{"name":"App","decl":{"start":{"line":7,"column":19},"end":{"line":18,"column":1}},"loc":{"start":{"line":7,"column":19},"end":{"line":18,"column":1}},"line":7}},"f":{"0":3}}
,"C:\\Web Projects\\vite-boilerplate\\src\\Components\\Container\\Container.tsx": {"path":"C:\\Web Projects\\vite-boilerplate\\src\\Components\\Container\\Container.tsx","all":false,"statementMap":{"0":{"start":{"line":1,"column":0},"end":{"line":1,"column":43}},"1":{"start":{"line":2,"column":0},"end":{"line":2,"column":0}},"2":{"start":{"line":3,"column":0},"end":{"line":3,"column":44}},"3":{"start":{"line":4,"column":0},"end":{"line":4,"column":10}},"4":{"start":{"line":5,"column":0},"end":{"line":5,"column":38}},"5":{"start":{"line":6,"column":0},"end":{"line":6,"column":16}},"6":{"start":{"line":7,"column":0},"end":{"line":7,"column":10}},"7":{"start":{"line":8,"column":0},"end":{"line":8,"column":3}},"8":{"start":{"line":9,"column":0},"end":{"line":9,"column":1}}},"s":{"0":1,"1":1,"2":1,"3":3,"4":3,"5":3,"6":3,"7":3,"8":3},"branchMap":{"0":{"type":"branch","line":3,"loc":{"start":{"line":3,"column":26},"end":{"line":9,"column":1}},"locations":[{"start":{"line":3,"column":26},"end":{"line":9,"column":1}}]}},"b":{"0":[3]},"fnMap":{"0":{"name":"Container","decl":{"start":{"line":3,"column":26},"end":{"line":9,"column":1}},"loc":{"start":{"line":3,"column":26},"end":{"line":9,"column":1}},"line":3}},"f":{"0":3}}
,"C:\\Web Projects\\vite-boilerplate\\src\\Components\\Container\\index.ts": {"path":"C:\\Web Projects\\vite-boilerplate\\src\\Components\\Container\\index.ts","all":false,"statementMap":{"0":{"start":{"line":1,"column":0},"end":{"line":1,"column":39}}},"s":{"0":1},"branchMap":{"0":{"type":"branch","line":1,"loc":{"start":{"line":1,"column":26},"end":{"line":1,"column":39}},"locations":[{"start":{"line":1,"column":26},"end":{"line":1,"column":39}}]}},"b":{"0":[3]},"fnMap":{"0":{"name":"get","decl":{"start":{"line":1,"column":26},"end":{"line":1,"column":39}},"loc":{"start":{"line":1,"column":26},"end":{"line":1,"column":39}},"line":1}},"f":{"0":3}}
,"C:\\Web Projects\\vite-boilerplate\\src\\Components\\Main\\Main.tsx": {"path":"C:\\Web Projects\\vite-boilerplate\\src\\Components\\Main\\Main.tsx","all":false,"statementMap":{"0":{"start":{"line":1,"column":0},"end":{"line":1,"column":27}},"1":{"start":{"line":2,"column":0},"end":{"line":2,"column":10}},"2":{"start":{"line":3,"column":0},"end":{"line":3,"column":9}},"3":{"start":{"line":4,"column":0},"end":{"line":4,"column":10}},"4":{"start":{"line":5,"column":0},"end":{"line":5,"column":10}},"5":{"start":{"line":6,"column":0},"end":{"line":6,"column":3}},"6":{"start":{"line":7,"column":0},"end":{"line":7,"column":1}}},"s":{"0":1,"1":3,"2":3,"3":3,"4":3,"5":3,"6":3},"branchMap":{"0":{"type":"branch","line":1,"loc":{"start":{"line":1,"column":20},"end":{"line":7,"column":1}},"locations":[{"start":{"line":1,"column":20},"end":{"line":7,"column":1}}]}},"b":{"0":[3]},"fnMap":{"0":{"name":"Main","decl":{"start":{"line":1,"column":20},"end":{"line":7,"column":1}},"loc":{"start":{"line":1,"column":20},"end":{"line":7,"column":1}},"line":1}},"f":{"0":3}}
,"C:\\Web Projects\\vite-boilerplate\\src\\Components\\Main\\index.ts": {"path":"C:\\Web Projects\\vite-boilerplate\\src\\Components\\Main\\index.ts","all":false,"statementMap":{"0":{"start":{"line":1,"column":0},"end":{"line":1,"column":29}}},"s":{"0":1},"branchMap":{"0":{"type":"branch","line":1,"loc":{"start":{"line":1,"column":21},"end":{"line":1,"column":29}},"locations":[{"start":{"line":1,"column":21},"end":{"line":1,"column":29}}]}},"b":{"0":[3]},"fnMap":{"0":{"name":"get","decl":{"start":{"line":1,"column":21},"end":{"line":1,"column":29}},"loc":{"start":{"line":1,"column":21},"end":{"line":1,"column":29}},"line":1}},"f":{"0":3}}
}
